  autofit.c
  ftbitmap.c
  ftfstype.c
  ftgasp.c
  ftstroke.c
  ftbbox.c
  ftfntfmt.c
  ftpfr.c
  ftsynth.c
  fttype1.c
  ftwinfnt.c
  ftlcdfil.c
  ftgxval.c
  ftotval.c
  ftpatent.c
  bdf.c
  cff.c
  ftbase.c
  ftcache.c
  ftglyph.c
  ftgzip.c
  ftinit.c
  ftlzw.c
  ftsystem.c
c:\users\daniel\desktop\freetype\freetype-2.7\src\base\ftobjs.c(4794): warning C4702: unreachable code
c:\users\daniel\desktop\freetype\freetype-2.7\src\base\ftobjs.c(4795): warning C4702: unreachable code
  smooth.c
  ftmm.c
  pcf.c
  pfr.c
  psaux.c
  pshinter.c
  psmodule.c
  raster.c
  sfnt.c
  truetype.c
  type1.c
  type1cid.c
  type42.c
  winfnt.c
  ftdebug.c
  freetype.vcxproj -> C:\Users\Daniel\Desktop\FreeType\freetype-2.7\builds\windows\vc2010\.\..\..\..\objs\vc2010\Win32\freetype27.lib
