cl : Command line warning D9002: ignoring unknown option '/arch:SSE2'
cl : Command line warning D9002: ignoring unknown option '/arch:SSE2'
  autofit.c
cl : Command line warning D9002: ignoring unknown option '/arch:SSE2'
  ftbitmap.c
cl : Command line warning D9002: ignoring unknown option '/arch:SSE2'
cl : Command line warning D9002: ignoring unknown option '/arch:SSE2'
  ftfstype.c
  ftgasp.c
cl : Command line warning D9002: ignoring unknown option '/arch:SSE2'
  ftstroke.c
cl : Command line warning D9002: ignoring unknown option '/arch:SSE2'
  ftbbox.c
  ftfntfmt.c
  ftpfr.c
  ftsynth.c
  fttype1.c
  ftwinfnt.c
  ftlcdfil.c
  ftgxval.c
  ftotval.c
  ftpatent.c
cl : Command line warning D9002: ignoring unknown option '/arch:SSE2'
cl : Command line warning D9002: ignoring unknown option '/arch:SSE2'
  bdf.c
cl : Command line warning D9002: ignoring unknown option '/arch:SSE2'
  cff.c
cl : Command line warning D9002: ignoring unknown option '/arch:SSE2'
  ftbase.c
cl : Command line warning D9002: ignoring unknown option '/arch:SSE2'
  ftcache.c
cl : Command line warning D9002: ignoring unknown option '/arch:SSE2'
  ftglyph.c
cl : Command line warning D9002: ignoring unknown option '/arch:SSE2'
  ftgzip.c
  ftinit.c
  ftlzw.c
  ftsystem.c
c:\users\daniel\desktop\freetype\freetype-2.7\src\base\ftobjs.c(4794): warning C4702: unreachable code
c:\users\daniel\desktop\freetype\freetype-2.7\src\base\ftobjs.c(4795): warning C4702: unreachable code
  smooth.c
  ftmm.c
  pcf.c
  pfr.c
  psaux.c
  pshinter.c
  psmodule.c
  raster.c
c:\users\daniel\desktop\freetype\freetype-2.7\src\psaux\t1decode.c(1360): warning C4267: '=': conversion from 'size_t' to 'FT_Int', possible loss of data (compiling source file ..\..\..\src\psaux\psaux.c)
  sfnt.c
  truetype.c
  type1.c
  type1cid.c
  type42.c
c:\users\daniel\desktop\freetype\freetype-2.7\src\type1\t1load.c(1458): warning C4244: '=': conversion from '__int64' to 'FT_Int', possible loss of data (compiling source file ..\..\..\src\type1\type1.c)
c:\users\daniel\desktop\freetype\freetype-2.7\src\type1\t1load.c(1621): warning C4244: '=': conversion from '__int64' to 'FT_Int', possible loss of data (compiling source file ..\..\..\src\type1\type1.c)
c:\users\daniel\desktop\freetype\freetype-2.7\src\truetype\ttgload.c(1690): warning C4312: 'type cast': conversion from 'unsigned long' to 'void *' of greater size (compiling source file ..\..\..\src\truetype\truetype.c)
c:\users\daniel\desktop\freetype\freetype-2.7\src\truetype\ttgload.c(1694): warning C4312: 'type cast': conversion from 'unsigned long' to 'void *' of greater size (compiling source file ..\..\..\src\truetype\truetype.c)
c:\users\daniel\desktop\freetype\freetype-2.7\src\truetype\ttgload.c(1703): warning C4312: 'type cast': conversion from 'unsigned long' to 'void *' of greater size (compiling source file ..\..\..\src\truetype\truetype.c)
c:\users\daniel\desktop\freetype\freetype-2.7\src\truetype\ttgload.c(1709): warning C4312: 'type cast': conversion from 'unsigned long' to 'void *' of greater size (compiling source file ..\..\..\src\truetype\truetype.c)
c:\users\daniel\desktop\freetype\freetype-2.7\src\type1\t1driver.c(264): warning C4267: '=': conversion from 'size_t' to 'FT_ULong', possible loss of data (compiling source file ..\..\..\src\type1\type1.c)
c:\users\daniel\desktop\freetype\freetype-2.7\src\type1\t1driver.c(284): warning C4267: '=': conversion from 'size_t' to 'FT_ULong', possible loss of data (compiling source file ..\..\..\src\type1\type1.c)
c:\users\daniel\desktop\freetype\freetype-2.7\src\type1\t1driver.c(316): warning C4267: '=': conversion from 'size_t' to 'FT_ULong', possible loss of data (compiling source file ..\..\..\src\type1\type1.c)
c:\users\daniel\desktop\freetype\freetype-2.7\src\type1\t1driver.c(346): warning C4267: '=': conversion from 'size_t' to 'FT_UInt', possible loss of data (compiling source file ..\..\..\src\type1\type1.c)
c:\users\daniel\desktop\freetype\freetype-2.7\src\type1\t1driver.c(553): warning C4267: '=': conversion from 'size_t' to 'FT_ULong', possible loss of data (compiling source file ..\..\..\src\type1\type1.c)
c:\users\daniel\desktop\freetype\freetype-2.7\src\type1\t1driver.c(559): warning C4267: '=': conversion from 'size_t' to 'FT_ULong', possible loss of data (compiling source file ..\..\..\src\type1\type1.c)
c:\users\daniel\desktop\freetype\freetype-2.7\src\type1\t1driver.c(565): warning C4267: '=': conversion from 'size_t' to 'FT_ULong', possible loss of data (compiling source file ..\..\..\src\type1\type1.c)
c:\users\daniel\desktop\freetype\freetype-2.7\src\type1\t1driver.c(571): warning C4267: '=': conversion from 'size_t' to 'FT_ULong', possible loss of data (compiling source file ..\..\..\src\type1\type1.c)
c:\users\daniel\desktop\freetype\freetype-2.7\src\type1\t1driver.c(577): warning C4267: '=': conversion from 'size_t' to 'FT_ULong', possible loss of data (compiling source file ..\..\..\src\type1\type1.c)
  winfnt.c
c:\users\daniel\desktop\freetype\freetype-2.7\src\type42\t42parse.c(821): warning C4244: '=': conversion from '__int64' to 'FT_Int', possible loss of data (compiling source file ..\..\..\src\type42\type42.c)
cl : Command line warning D9002: ignoring unknown option '/arch:SSE2'
  ftdebug.c
  freetype.vcxproj -> C:\Users\Daniel\Desktop\FreeType\freetype-2.7\builds\windows\vc2010\.\..\..\..\objs\vc2010\x64\freetype27.lib
