c:\users\computing\documents\github\gamesstuff\gamesanalytics\learningopengl\learningopengl\debug\vc120.pdb
c:\users\computing\documents\github\gamesstuff\gamesanalytics\learningopengl\learningopengl\debug\vc120.idb
c:\users\computing\documents\github\gamesstuff\gamesanalytics\learningopengl\learningopengl\debug\vc140.pdb
c:\users\computing\documents\github\gamesstuff\gamesanalytics\learningopengl\learningopengl\debug\vc140.idb
c:\users\computing\documents\github\gamesanalytics\learningopengl\learningopengl\debug\vc140.pdb
c:\users\computing\documents\github\gamesanalytics\learningopengl\learningopengl\debug\vc140.idb
c:\users\computing\documents\github\gamesstuff\gamesanalytics\learningopengl\debug\learningopengl.ilk
c:\users\computing\documents\github\gamesstuff\gamesanalytics\learningopengl\debug\learningopengl.exe
c:\users\computing\documents\github\gamesstuff\gamesanalytics\learningopengl\debug\learningopengl.pdb
c:\users\computing\documents\github\gamesanalytics\learningopengl\debug\learningopengl.ilk
c:\users\computing\documents\github\gamesanalytics\learningopengl\debug\learningopengl.exe
c:\users\computing\documents\github\gamesanalytics\learningopengl\debug\learningopengl.pdb
c:\users\computing\documents\github\gamesanalytics\learningopengl\learningopengl\debug\vc120.idb
c:\users\computing\documents\github\gamesanalytics\learningopengl\learningopengl\debug\vc120.pdb
c:\users\computing\documents\github\gamesanalytics\learningopengl\learningopengl\debug\learningopengl.tlog\cl.command.1.tlog
c:\users\computing\documents\github\gamesanalytics\learningopengl\learningopengl\debug\learningopengl.tlog\cl.read.1.tlog
c:\users\computing\documents\github\gamesanalytics\learningopengl\learningopengl\debug\learningopengl.tlog\cl.write.1.tlog
c:\users\computing\documents\github\gamesanalytics\learningopengl\learningopengl\debug\learningopengl.tlog\link.command.1.tlog
c:\users\computing\documents\github\gamesanalytics\learningopengl\learningopengl\debug\learningopengl.tlog\link.read.1.tlog
c:\users\computing\documents\github\gamesanalytics\learningopengl\learningopengl\debug\learningopengl.tlog\link.write.1.tlog
