Build started 07/01/2016 02:39:19.
     1>Project "C:\Users\Computing\Documents\GitHub\GamesAnalytics\LearningOpenGl\LearningOpenGl\LearningOpenGl.vcxproj" on node 2 (Build target(s)).
     1>ClCompile:
         C:\Program Files (x86)\Microsoft Visual Studio 14.0\VC\bin\CL.exe /c /Zi /nologo /W3 /WX- /sdl /O2 /Oi /Oy- /GL /D _MBCS /Gm- /EHsc /MD /GS /Gy /fp:precise /Zc:wchar_t /Zc:forScope /Zc:inline /Fo"Release\\" /Fd"Release\vc140.pdb" /Gd /TP /analyze- /errorReport:prompt "Actual thing.cpp" ReadingData.cpp
         Actual thing.cpp
     1>Actual thing.cpp(392): warning C4244: 'initializing': conversion from 'double' to 'GLfloat', possible loss of data
         ReadingData.cpp
       Link:
         C:\Program Files (x86)\Microsoft Visual Studio 14.0\VC\bin\link.exe /ERRORREPORT:PROMPT /OUT:"C:\Users\Computing\Documents\GitHub\GamesAnalytics\LearningOpenGl\Release\LearningOpenGl.exe" /NOLOGO opengl32.lib glfw3.lib glew32s.lib kernel32.lib user32.lib gdi32.lib winspool.lib comdlg32.lib advapi32.lib shell32.lib ole32.lib oleaut32.lib uuid.lib odbc32.lib odbccp32.lib /MANIFEST /MANIFESTUAC:"level='asInvoker' uiAccess='false'" /manifest:embed /Debug /PDB:"C:\Users\Computing\Documents\GitHub\GamesAnalytics\LearningOpenGl\Release\LearningOpenGl.pdb" /OPT:REF /OPT:ICF /LTCG:incremental /TLBID:1 /DYNAMICBASE /NXCOMPAT /IMPLIB:"C:\Users\Computing\Documents\GitHub\GamesAnalytics\LearningOpenGl\Release\LearningOpenGl.lib" /MACHINE:X86 /SAFESEH "Release\Actual thing.obj"
         Release\ReadingData.obj
     1>LINK : warning LNK4098: defaultlib 'MSVCRTD' conflicts with use of other libs; use /NODEFAULTLIB:library
     1>LINK : warning LNK4098: defaultlib 'LIBCMT' conflicts with use of other libs; use /NODEFAULTLIB:library
         Generating code
         All 445 functions were compiled because no usable IPDB/IOBJ from previous compilation was found.
         Finished generating code
     1>glfw3.lib(context.obj) : warning LNK4099: PDB 'glfw.pdb' was not found with 'glfw3.lib(context.obj)' or at 'C:\Users\Computing\Documents\GitHub\GamesAnalytics\LearningOpenGl\Release\glfw.pdb'; linking object as if no debug info
     1>glfw3.lib(init.obj) : warning LNK4099: PDB 'glfw.pdb' was not found with 'glfw3.lib(init.obj)' or at 'C:\Users\Computing\Documents\GitHub\GamesAnalytics\LearningOpenGl\Release\glfw.pdb'; linking object as if no debug info
     1>glfw3.lib(input.obj) : warning LNK4099: PDB 'glfw.pdb' was not found with 'glfw3.lib(input.obj)' or at 'C:\Users\Computing\Documents\GitHub\GamesAnalytics\LearningOpenGl\Release\glfw.pdb'; linking object as if no debug info
     1>glfw3.lib(monitor.obj) : warning LNK4099: PDB 'glfw.pdb' was not found with 'glfw3.lib(monitor.obj)' or at 'C:\Users\Computing\Documents\GitHub\GamesAnalytics\LearningOpenGl\Release\glfw.pdb'; linking object as if no debug info
     1>glfw3.lib(window.obj) : warning LNK4099: PDB 'glfw.pdb' was not found with 'glfw3.lib(window.obj)' or at 'C:\Users\Computing\Documents\GitHub\GamesAnalytics\LearningOpenGl\Release\glfw.pdb'; linking object as if no debug info
     1>glfw3.lib(win32_init.obj) : warning LNK4099: PDB 'glfw.pdb' was not found with 'glfw3.lib(win32_init.obj)' or at 'C:\Users\Computing\Documents\GitHub\GamesAnalytics\LearningOpenGl\Release\glfw.pdb'; linking object as if no debug info
     1>glfw3.lib(win32_monitor.obj) : warning LNK4099: PDB 'glfw.pdb' was not found with 'glfw3.lib(win32_monitor.obj)' or at 'C:\Users\Computing\Documents\GitHub\GamesAnalytics\LearningOpenGl\Release\glfw.pdb'; linking object as if no debug info
     1>glfw3.lib(win32_time.obj) : warning LNK4099: PDB 'glfw.pdb' was not found with 'glfw3.lib(win32_time.obj)' or at 'C:\Users\Computing\Documents\GitHub\GamesAnalytics\LearningOpenGl\Release\glfw.pdb'; linking object as if no debug info
     1>glfw3.lib(win32_tls.obj) : warning LNK4099: PDB 'glfw.pdb' was not found with 'glfw3.lib(win32_tls.obj)' or at 'C:\Users\Computing\Documents\GitHub\GamesAnalytics\LearningOpenGl\Release\glfw.pdb'; linking object as if no debug info
     1>glfw3.lib(win32_window.obj) : warning LNK4099: PDB 'glfw.pdb' was not found with 'glfw3.lib(win32_window.obj)' or at 'C:\Users\Computing\Documents\GitHub\GamesAnalytics\LearningOpenGl\Release\glfw.pdb'; linking object as if no debug info
     1>glfw3.lib(winmm_joystick.obj) : warning LNK4099: PDB 'glfw.pdb' was not found with 'glfw3.lib(winmm_joystick.obj)' or at 'C:\Users\Computing\Documents\GitHub\GamesAnalytics\LearningOpenGl\Release\glfw.pdb'; linking object as if no debug info
     1>glfw3.lib(wgl_context.obj) : warning LNK4099: PDB 'glfw.pdb' was not found with 'glfw3.lib(wgl_context.obj)' or at 'C:\Users\Computing\Documents\GitHub\GamesAnalytics\LearningOpenGl\Release\glfw.pdb'; linking object as if no debug info
     1>glew32s.lib(glew.obj) : warning LNK4099: PDB 'vc120.pdb' was not found with 'glew32s.lib(glew.obj)' or at 'C:\Users\Computing\Documents\GitHub\GamesAnalytics\LearningOpenGl\Release\vc120.pdb'; linking object as if no debug info
         LearningOpenGl.vcxproj -> C:\Users\Computing\Documents\GitHub\GamesAnalytics\LearningOpenGl\Release\LearningOpenGl.exe
     1>Done Building Project "C:\Users\Computing\Documents\GitHub\GamesAnalytics\LearningOpenGl\LearningOpenGl\LearningOpenGl.vcxproj" (Build target(s)).

Build succeeded.

Time Elapsed 00:00:03.26
